Log file open, 09/14/22 11:32:10
LogPlatformFile: Not using cached read wrapper
LogTaskGraph: Started task graph with 4 named threads and 14 total threads with 1 sets of task threads.
LogWindows: Failed to load '../../../Engine/Binaries/ThirdParty/DbgHelp/dbghelp.dll' (GetLastError=126)
LogWindows: File '../../../Engine/Binaries/ThirdParty/DbgHelp/dbghelp.dll' does not exist
LogPluginManager: Mounting plugin OodleData
LogInit: Build: ++UE4+Release-4.25-CL-14469661
LogInit: Engine Version: 4.25.4-14469661+++UE4+Release-4.25
LogInit: Compatible Engine Version: 4.25.0-13144385+++UE4+Release-4.25
LogInit: Net CL: 13144385
LogInit: OS: Windows 10 (Release 2009) (), CPU: AMD Ryzen 5 5600H with Radeon Graphics         , GPU: AMD Radeon(TM) Graphics
LogInit: Compiled (64-bit): Oct 11 2020 08:29:47
LogInit: Compiled with Visual C++: 19.24.28315.00
LogInit: Build Configuration: Development
LogInit: Branch Name: ++UE4+Release-4.25
LogInit: Command Line: Pak0-Local.pak -Extract Pak0-Local -cryptokeys=Crypto.json
LogInit: Base Directory: C:/CodingPJ/BNSedit/Editor/unpakTool/UnrealPak_4.25_oodle_plus_bats/Engine/Binaries/Win64/
LogInit: Allocator: TBB
LogInit: Installed Engine Build: 0
LogDevObjectVersion: Number of dev versions registered: 26
LogDevObjectVersion:   Dev-Blueprints (B0D832E4-1F89-4F0D-ACCF-7EB736FD4AA2): 10
LogDevObjectVersion:   Dev-Build (E1C64328-A22C-4D53-A36C-8E866417BD8C): 0
LogDevObjectVersion:   Dev-Core (375EC13C-06E4-48FB-B500-84F0262A717E): 4
LogDevObjectVersion:   Dev-Editor (E4B068ED-F494-42E9-A231-DA0B2E46BB41): 38
LogDevObjectVersion:   Dev-Framework (CFFC743F-43B0-4480-9391-14DF171D2073): 37
LogDevObjectVersion:   Dev-Mobile (B02B49B5-BB20-44E9-A304-32B752E40360): 2
LogDevObjectVersion:   Dev-Networking (A4E4105C-59A1-49B5-A7C5-40C4547EDFEE): 0
LogDevObjectVersion:   Dev-Online (39C831C9-5AE6-47DC-9A44-9C173E1C8E7C): 0
LogDevObjectVersion:   Dev-Physics (78F01B33-EBEA-4F98-B9B4-84EACCB95AA2): 4
LogDevObjectVersion:   Dev-Platform (6631380F-2D4D-43E0-8009-CF276956A95A): 0
LogDevObjectVersion:   Dev-Rendering (12F88B9F-8875-4AFC-A67C-D90C383ABD29): 43
LogDevObjectVersion:   Dev-Sequencer (7B5AE74C-D270-4C10-A958-57980B212A5A): 12
LogDevObjectVersion:   Dev-VR (D7296918-1DD6-4BDD-9DE2-64A83CC13884): 3
LogDevObjectVersion:   Dev-LoadTimes (C2A15278-BFE7-4AFE-6C17-90FF531DF755): 1
LogDevObjectVersion:   Private-Geometry (6EACA3D4-40EC-4CC1-B786-8BED09428FC5): 3
LogDevObjectVersion:   Dev-AnimPhys (29E575DD-E0A3-4627-9D10-D276232CDCEA): 17
LogDevObjectVersion:   Dev-Anim (AF43A65D-7FD3-4947-9873-3E8ED9C1BB05): 7
LogDevObjectVersion:   Dev-ReflectionCapture (6B266CEC-1EC7-4B8F-A30B-E4D90942FC07): 1
LogDevObjectVersion:   Dev-Automation (0DF73D61-A23F-47EA-B727-89E90C41499A): 1
LogDevObjectVersion:   FortniteMain (601D1886-AC64-4F84-AA16-D3DE0DEAC7D6): 31
LogDevObjectVersion:   Dev-Enterprise (9DFFBCD6-494F-0158-E221-12823C92A888): 10
LogDevObjectVersion:   Dev-Niagara (F2AED0AC-9AFE-416F-8664-AA7FFA26D6FC): 1
LogDevObjectVersion:   Dev-Destruction (174F1F0B-B4C6-45A5-B13F-2EE8D0FB917D): 10
LogDevObjectVersion:   Dev-Physics-Ext (35F94A83-E258-406C-A318-09F59610247C): 37
LogDevObjectVersion:   Dev-PhysicsMaterial-Chaos (B68FC16E-8B1B-42E2-B453-215C058844FE): 1
LogDevObjectVersion:   Dev-CineCamera (B2E18506-4273-CFC2-A54E-F4BB758BBA07): 1
LogConfig: Applying CVar settings from Section [Startup] File [../../../Engine/Config/ConsoleVariables.ini]
LogConfig: Applying CVar settings from Section [ConsoleVariables] File [../../../Engine/Programs/UnrealPak/Saved/Config/Windows/Engine.ini]
[2022.09.14-04.32.10:147][  0]LogInit: Computer: DESKTOP-DKDT26G
[2022.09.14-04.32.10:147][  0]LogInit: User: mynig
[2022.09.14-04.32.10:147][  0]LogInit: CPU Page size=4096, Cores=6
[2022.09.14-04.32.10:147][  0]LogInit: High frequency timer resolution =10.000000 MHz
[2022.09.14-04.32.10:147][  0]LogMemory: Memory total: Physical=14.9GB (15GB approx)
[2022.09.14-04.32.10:147][  0]LogMemory: Platform Memory Stats for Windows
[2022.09.14-04.32.10:147][  0]LogMemory: Process Physical Memory: 18.99 MB used, 18.99 MB peak
[2022.09.14-04.32.10:147][  0]LogMemory: Process Virtual Memory: 54.67 MB used, 54.67 MB peak
[2022.09.14-04.32.10:147][  0]LogMemory: Physical Memory: 7390.91 MB used,  7821.15 MB free, 15212.06 MB total
[2022.09.14-04.32.10:147][  0]LogMemory: Virtual Memory: 4339.93 MB used,  134213384.00 MB free, 134217728.00 MB total
[2022.09.14-04.32.10:147][  0]LogInit: Using OS detected language ().
[2022.09.14-04.32.10:147][  0]LogInit: Using OS detected locale ().
[2022.09.14-04.32.10:147][  0]LogPaths: Warning: No paths for game localization data were specifed in the game configuration.
[2022.09.14-04.32.10:147][  0]LogTextLocalizationManager: No localization for '' exists, so 'en' will be used for the language.
[2022.09.14-04.32.10:147][  0]LogTextLocalizationManager: No localization for '' exists, so 'en' will be used for the locale.
[2022.09.14-04.32.10:147][  0]LogInit: Using OS detected language ().
[2022.09.14-04.32.10:147][  0]LogInit: Using OS detected locale ().
[2022.09.14-04.32.10:147][  0]LogTextLocalizationManager: No localization for '' exists, so 'en' will be used for the language.
[2022.09.14-04.32.10:147][  0]LogTextLocalizationManager: No localization for '' exists, so 'en' will be used for the locale.
[2022.09.14-04.32.10:147][  0]LogTextLocalizationManager: Compacting localization data took   0.00ms
[2022.09.14-04.32.10:147][  0]LogPakFile: Display: Parsing crypto keys from a crypto key cache file
[2022.09.14-04.32.10:149][  0]LogPakFile: Display: Extracted "config64.dat" to "Pak0-Local/config64.dat" Offset 0.
[2022.09.14-04.32.10:598][  0]LogPakFile: Display: Extracted "xml64.dat" to "Pak0-Local/xml64.dat" Offset 238809.
[2022.09.14-04.32.10:598][  0]LogPakFile: Finished extracting 2 (including 0 errors).
[2022.09.14-04.32.10:598][  0]LogPakFile: Display: Unreal pak executed in 0.450919 seconds
[2022.09.14-04.32.10:604][  0]LogExit: Preparing to exit.
[2022.09.14-04.32.10:605][  0]LogExit: Exiting.
[2022.09.14-04.32.10:615][  0]Log file closed, 09/14/22 11:32:10
